<?xml version="1.0" encoding="UTF-8"?>
<!-- Generated by org.testng.reporters.JUnitXMLReporter -->
<testsuite hostname="Automata" ignored="0" name="UpsLoginTest" tests="3" failures="1" timestamp="02 May 2020 21:18:21 GMT" time="28.15" errors="0">
  <testcase name="verifyUpsLoginPageTitle" time="0.017" classname="pack.UpsTest.UpsLoginTest"/>
  <testcase name="verifyLoginButtonText" time="0.031" classname="pack.UpsTest.UpsLoginTest">
    <failure type="java.lang.AssertionError" message="expected [Sign In] but found [Log In]">
      <![CDATA[java.lang.AssertionError: expected [Sign In] but found [Log In]
at pack.UpsTest.UpsLoginTest.verifyLoginButtonText(UpsLoginTest.java:64)
... Removed 35 stack frames]]>
    </failure>
  </testcase> <!-- verifyLoginButtonText -->
  <testcase name="verifyLoginErrorMsg" time="1.921" classname="pack.UpsTest.UpsLoginTest"/>
</testsuite> <!-- UpsLoginTest -->
